<?xml version="1.0" encoding="UTF-8"?>
<!-- Generated by org.testng.reporters.JUnitReportReporter -->
<testsuite hostname="DESKTOP-LLB0GNF" failures="0" tests="2" name="Tests.RegisterTest" time="2.858" errors="0" timestamp="2021-10-28T13:35:51 EET" skipped="0">
  <testcase classname="Tests.RegisterTest" name="testPost" time="0.010"/>
  <system-out/>
  <testcase classname="Tests.RegisterTest" name="test_2" time="2.848"/>
  <system-out/>
</testsuite> <!-- Tests.RegisterTest -->
