<?xml version="1.0" encoding="UTF-8"?>
<!-- Generated by org.testng.reporters.JUnitReportReporter -->
<testsuite hostname="DESKTOP-LLB0GNF" failures="0" tests="1" name="runner.testRunner" time="0.092" errors="0" timestamp="2021-10-29T22:10:50 EET" skipped="0">
  <testcase classname="runner.testRunner" name="runScenario" time="0.092"/>
  <system-out/>
</testsuite> <!-- runner.testRunner -->
