<?xml version="1.0" encoding="UTF-8"?>
<!-- Generated by org.testng.reporters.JUnitReportReporter -->
<testsuite hostname="DESKTOP-LLB0GNF" failures="0" tests="1" name="Tests.Task3Test" time="12.759" errors="0" timestamp="2021-11-05T23:13:42 EET" skipped="0">
  <testcase classname="Tests.Task3Test" name="element_is_loaded" time="12.759"/>
  <system-out/>
</testsuite> <!-- Tests.Task3Test -->
