<?xml version="1.0" encoding="UTF-8"?>
<!-- Generated by org.testng.reporters.JUnitReportReporter -->
<testsuite hostname="DESKTOP-LLB0GNF" failures="0" tests="1" name="Task3Test" time="8.364" errors="0" timestamp="2021-11-05T15:01:34 EET" skipped="0">
  <testcase classname="Task3Test" name="element_is_loaded" time="8.364"/>
  <system-out/>
</testsuite> <!-- Task3Test -->
