<?xml version="1.0" encoding="UTF-8"?>
<!-- Generated by org.testng.reporters.JUnitReportReporter -->
<testsuite hostname="DESKTOP-LLB0GNF" failures="0" tests="1" name="Tests.Task2Test" time="4.388" errors="0" timestamp="2021-11-06T14:57:17 EET" skipped="0">
  <testcase classname="Tests.Task2Test" name="img_has_been_uploaded_successfully" time="4.388"/>
  <system-out/>
</testsuite> <!-- Tests.Task2Test -->
